2018-01-16 21:38:28 [INFO ] [TestBase] - [getBrowserObject] Chrome
2018-01-16 21:38:28 [INFO ] [TestBase] - [after] 
2018-01-16 21:38:28 [INFO ] [TestBase] - [getBrowserObject] Chrome
2018-01-16 21:38:28 [INFO ] [TestBase] - [after] 
2018-01-16 21:41:19 [INFO ] [TestBase] - [getBrowserObject] Chrome
2018-01-16 21:41:30 [INFO ] [TestBase] - [after] 
2018-01-16 21:41:30 [INFO ] [TestBase] - [getBrowserObject] Chrome
2018-01-16 21:42:02 [INFO ] [TestBase] - [after] 
2018-01-16 21:47:33 [INFO ] [TestBase] - [getBrowserObject] Chrome
2018-01-16 21:47:41 [INFO ] [TestBase] - [after] 
2018-01-16 21:47:41 [INFO ] [TestBase] - [getBrowserObject] Chrome
2018-01-16 21:47:49 [INFO ] [TestBase] - [after] 
2018-01-16 21:55:59 [INFO ] [TestBase] - [getBrowserObject] Firefox
2018-01-16 21:56:32 [INFO ] [TestBase] - [before] Firefox
2018-01-16 21:56:42 [INFO ] [WaitHelper] - [waitForElement] element found...WOMEN
2018-01-16 21:56:42 [INFO ] [ProductCategory] - [user_click_on_women_navigation_menu] clicking on women menu
2018-01-16 21:56:42 [INFO ] [HomePage] - [clickOnMenu] clickin on : WOMEN
2018-01-16 21:56:46 [INFO ] [WaitHelper] - [waitForElement] element found...CATALOG
2018-01-16 21:56:46 [INFO ] [JavaScriptHelper] - [executeScript] arguments[0].scrollIntoView()
2018-01-16 21:56:46 [INFO ] [JavaScriptHelper] - [scrollIntoView] [[ChromeDriver: firefox on XP (3517b8af-9700-4623-bab8-0034aa295047)] -> xpath: //a[contains(text(),'Orange')]/parent::*/preceding-sibling::input[1]]
2018-01-16 21:56:54 [INFO ] [ProductCategory] - [click_on_orange_color_filter] we are selecting :Orange
2018-01-16 21:56:54 [INFO ] [TestBase] - [after] 
2018-01-16 21:56:54 [INFO ] [TestBase] - [getBrowserObject] Firefox
2018-01-16 21:57:13 [INFO ] [TestBase] - [before] Firefox
2018-01-16 21:57:20 [INFO ] [WaitHelper] - [waitForElement] element found...WOMEN
2018-01-16 21:57:20 [INFO ] [ProductCategory] - [user_click_on_women_navigation_menu] clicking on women menu
2018-01-16 21:57:20 [INFO ] [HomePage] - [clickOnMenu] clickin on : WOMEN
2018-01-16 21:57:22 [INFO ] [WaitHelper] - [waitForElement] element found...CATALOG
2018-01-16 21:57:22 [INFO ] [ProductCategory] - [verify_total_number_of_women_products_dispalyed_as] actual product counts are : 7
2018-01-16 21:57:22 [INFO ] [TestBase] - [after] 
2018-01-16 22:11:44 [INFO ] [TestBase] - [getBrowserObject] Firefox
2018-01-16 22:11:53 [INFO ] [TestBase] - [before] Firefox
2018-01-16 22:12:00 [INFO ] [WaitHelper] - [waitForElement] element found...WOMEN
2018-01-16 22:12:00 [INFO ] [ProductCategory] - [user_click_on_women_navigation_menu] clicking on women menu
2018-01-16 22:12:00 [INFO ] [HomePage] - [clickOnMenu] clickin on : WOMEN
2018-01-16 22:12:02 [INFO ] [WaitHelper] - [waitForElement] element found...CATALOG
2018-01-16 22:12:02 [INFO ] [ProductCategory] - [verify_total_number_of_women_products_dispalyed_as] actual product counts are : 7
2018-01-16 22:12:02 [INFO ] [TestBase] - [after] 
2018-01-16 22:24:37 [INFO ] [TestBase] - [getBrowserObject] Firefox
2018-01-16 22:24:53 [INFO ] [TestBase] - [before] Firefox
2018-01-16 22:24:59 [INFO ] [WaitHelper] - [waitForElement] element found...WOMEN
2018-01-16 22:24:59 [INFO ] [ProductCategory] - [user_click_on_women_navigation_menu] clicking on women menu
2018-01-16 22:24:59 [INFO ] [HomePage] - [clickOnMenu] clickin on : WOMEN
2018-01-16 22:25:02 [INFO ] [WaitHelper] - [waitForElement] element found...CATALOG
2018-01-16 22:25:02 [INFO ] [TestBase] - [after] 
2018-01-16 22:25:42 [INFO ] [TestBase] - [getBrowserObject] Firefox
2018-01-16 22:25:51 [INFO ] [TestBase] - [before] Firefox
2018-01-16 22:25:57 [INFO ] [WaitHelper] - [waitForElement] element found...WOMEN
2018-01-16 22:25:57 [INFO ] [ProductCategory] - [user_click_on_women_navigation_menu] clicking on women menu
2018-01-16 22:25:57 [INFO ] [HomePage] - [clickOnMenu] clickin on : WOMEN
2018-01-16 22:26:00 [INFO ] [WaitHelper] - [waitForElement] element found...CATALOG
2018-01-16 22:26:00 [INFO ] [JavaScriptHelper] - [executeScript] arguments[0].scrollIntoView()
2018-01-16 22:26:00 [INFO ] [JavaScriptHelper] - [scrollIntoView] [[ChromeDriver: firefox on XP (fb98b506-a3ee-485f-abb1-2c0c039471a4)] -> xpath: //a[contains(text(),'Orange')]/parent::*/preceding-sibling::input[1]]
2018-01-16 22:26:07 [INFO ] [ProductCategory] - [click_on_orange_color_filter] we are selecting :Orange
2018-01-16 22:26:07 [INFO ] [TestBase] - [after] 
2018-01-16 22:26:07 [INFO ] [TestBase] - [getBrowserObject] Firefox
2018-01-16 22:26:24 [INFO ] [TestBase] - [before] Firefox
2018-01-16 22:26:30 [INFO ] [WaitHelper] - [waitForElement] element found...WOMEN
2018-01-16 22:26:30 [INFO ] [ProductCategory] - [user_click_on_women_navigation_menu] clicking on women menu
2018-01-16 22:26:30 [INFO ] [HomePage] - [clickOnMenu] clickin on : WOMEN
2018-01-16 22:26:32 [INFO ] [WaitHelper] - [waitForElement] element found...CATALOG
2018-01-16 22:26:33 [INFO ] [TestBase] - [after] 
